  SURF_Matcher.cpp
D:\opencv_build\opencv-4.4.0\build\install\include\opencv2\stitching\detail\warpers.hpp(268,1): warning C4266: “cv::Rect cv::detail::PlaneWarper::buildMaps(cv::Size,cv::InputArray,cv::InputArray,cv::InputArray,cv::OutputArray,cv::OutputArray)”: 不重写基“cv::detail::PlaneWarper”中的虚拟成员函数；函数被隐藏
D:\opencv_build\opencv-4.4.0\build\install\include\opencv2\stitching\detail\warpers.hpp(192): message : 参见“cv::detail::PlaneWarper::buildMaps”的声明
D:\opencv_build\opencv-4.4.0\build\install\include\opencv2\stitching\detail\warpers.hpp(180): message : 参见“cv::detail::PlaneWarper”的声明
D:\opencv_build\opencv-4.4.0\build\install\include\opencv2\stitching\detail\warpers.hpp(268,1): warning C4266: “cv::Point cv::detail::PlaneWarper::warp(cv::InputArray,cv::InputArray,cv::InputArray,cv::InputArray,int,int,cv::OutputArray)”: 不重写基“cv::detail::PlaneWarper”中的虚拟成员函数；函数被隐藏
D:\opencv_build\opencv-4.4.0\build\install\include\opencv2\stitching\detail\warpers.hpp(197): message : 参见“cv::detail::PlaneWarper::warp”的声明
D:\opencv_build\opencv-4.4.0\build\install\include\opencv2\stitching\detail\warpers.hpp(180): message : 参见“cv::detail::PlaneWarper”的声明
D:\opencv_build\opencv-4.4.0\build\install\include\opencv2\stitching\detail\exposure_compensate.hpp(176,10): warning C4263: “void cv::detail::BlocksCompensator::feed(const std::vector<cv::Point,std::allocator<cv::Point>> &,const std::vector<cv::UMat,std::allocator<cv::UMat>> &,const std::vector<std::pair<cv::UMat,uchar>,std::allocator<std::pair<cv::UMat,uchar>>> &)”: 成员函数不重写任何基类虚拟成员函数
D:\opencv_build\opencv-4.4.0\build\install\include\opencv2\stitching\detail\blenders.hpp(121,1): warning C4266: “void cv::detail::Blender::prepare(const std::vector<cv::Point,std::allocator<cv::Point>> &,const std::vector<cv::Size,std::allocator<cv::Size>> &)”: 不重写基“cv::detail::Blender”中的虚拟成员函数；函数被隐藏
D:\opencv_build\opencv-4.4.0\build\install\include\opencv2\stitching\detail\blenders.hpp(76): message : 参见“cv::detail::Blender::prepare”的声明
D:\opencv_build\opencv-4.4.0\build\install\include\opencv2\stitching\detail\blenders.hpp(63): message : 参见“cv::detail::Blender”的声明
D:\opencv_build\opencv-4.4.0\build\install\include\opencv2\stitching\detail\blenders.hpp(162,1): warning C4266: “void cv::detail::Blender::prepare(const std::vector<cv::Point,std::allocator<cv::Point>> &,const std::vector<cv::Size,std::allocator<cv::Size>> &)”: 不重写基“cv::detail::Blender”中的虚拟成员函数；函数被隐藏
D:\opencv_build\opencv-4.4.0\build\install\include\opencv2\stitching\detail\blenders.hpp(76): message : 参见“cv::detail::Blender::prepare”的声明
D:\opencv_build\opencv-4.4.0\build\install\include\opencv2\stitching\detail\blenders.hpp(63): message : 参见“cv::detail::Blender”的声明
D:\drone\AirSim\HelloDrone\SURF_Matcher.cpp(207,15): warning C4458: “cam”的声明隐藏了类成员
D:\drone\AirSim\HelloDrone\SURF_Matcher.hpp(44,9): message : 参见“SURF_Matcher::cam”的声明
D:\drone\AirSim\HelloDrone\SURF_Matcher.cpp(208,16): warning C4458: “dist”的声明隐藏了类成员
D:\drone\AirSim\HelloDrone\SURF_Matcher.hpp(44,14): message : 参见“SURF_Matcher::dist”的声明
D:\drone\AirSim\AirLib\deps\eigen3\Eigen\src\Core\AssignEvaluator.h(520,1): warning C4459: “Scalar”的声明隐藏了全局声明
D:\opencv_build\opencv-4.4.0\build\install\include\opencv2\core\types.hpp(669,25): message : 参见“cv::Scalar”的声明
D:\drone\AirSim\AirLib\deps\eigen3\Eigen\src\Core\AssignEvaluator.h(519): message : 在编译 类 模板 成员函数“void Eigen::internal::dense_assignment_loop<Kernel,4,0>::run(Kernel &)”时
          with
          [
              Kernel=Kernel
          ]
D:\drone\AirSim\AirLib\deps\eigen3\Eigen\src\Core\AssignEvaluator.h(741): message : 查看对正在编译的函数 模板 实例化“void Eigen::internal::dense_assignment_loop<Kernel,4,0>::run(Kernel &)”的引用
          with
          [
              Kernel=Kernel
          ]
D:\drone\AirSim\AirLib\deps\eigen3\Eigen\src\Core\AssignEvaluator.h(741): message : 查看对正在编译的 类 模板 实例化“Eigen::internal::dense_assignment_loop<Kernel,4,0>”的引用
D:\drone\AirSim\AirLib\deps\eigen3\Eigen\src\Core\AssignEvaluator.h(879): message : 查看对正在编译的函数 模板 实例化“void Eigen::internal::call_dense_assignment_loop<DstXprType,SrcXprType,Functor>(DstXprType &,const SrcXprType &,const Functor &)”的引用
          with
          [
              DstXprType=ActualDstTypeCleaned,
              SrcXprType=Eigen::Product<Eigen::CwiseUnaryOp<Eigen::internal::scalar_opposite_op<float>,const Eigen::Inverse<Eigen::Matrix<float,-1,-1,0,-1,-1>>>,Eigen::Matrix<float,-1,-1,0,-1,-1>,1>,
              Functor=Eigen::internal::assign_op<float,float>
          ]
D:\drone\AirSim\AirLib\deps\eigen3\Eigen\src\Core\AssignEvaluator.h(874): message : 在编译 类 模板 成员函数“void Eigen::internal::Assignment<ActualDstTypeCleaned,Src,Func,Eigen::internal::AssignmentKind<Eigen::DenseShape,Eigen::DenseShape>::Kind,void>::run(DstXprType &,const SrcXprType &,const Functor &)”时
          with
          [
              Src=Eigen::Product<Eigen::CwiseUnaryOp<Eigen::internal::scalar_opposite_op<float>,const Eigen::Inverse<Eigen::Matrix<float,-1,-1,0,-1,-1>>>,Eigen::Matrix<float,-1,-1,0,-1,-1>,1>,
              Func=Eigen::internal::assign_op<float,float>,
              DstXprType=ActualDstTypeCleaned,
              SrcXprType=Eigen::Product<Eigen::CwiseUnaryOp<Eigen::internal::scalar_opposite_op<float>,const Eigen::Inverse<Eigen::Matrix<float,-1,-1,0,-1,-1>>>,Eigen::Matrix<float,-1,-1,0,-1,-1>,1>,
              Functor=Eigen::internal::assign_op<float,float>
          ]
D:\drone\AirSim\AirLib\deps\eigen3\Eigen\src\Core\AssignEvaluator.h(836): message : 查看对正在编译的函数 模板 实例化“void Eigen::internal::Assignment<ActualDstTypeCleaned,Src,Func,Eigen::internal::AssignmentKind<Eigen::DenseShape,Eigen::DenseShape>::Kind,void>::run(DstXprType &,const SrcXprType &,const Functor &)”的引用
          with
          [
              Src=Eigen::Product<Eigen::CwiseUnaryOp<Eigen::internal::scalar_opposite_op<float>,const Eigen::Inverse<Eigen::Matrix<float,-1,-1,0,-1,-1>>>,Eigen::Matrix<float,-1,-1,0,-1,-1>,1>,
              Func=Eigen::internal::assign_op<float,float>,
              DstXprType=ActualDstTypeCleaned,
              SrcXprType=Eigen::Product<Eigen::CwiseUnaryOp<Eigen::internal::scalar_opposite_op<float>,const Eigen::Inverse<Eigen::Matrix<float,-1,-1,0,-1,-1>>>,Eigen::Matrix<float,-1,-1,0,-1,-1>,1>,
              Functor=Eigen::internal::assign_op<float,float>
          ]
D:\drone\AirSim\AirLib\deps\eigen3\Eigen\src\Core\AssignEvaluator.h(836): message : 查看对正在编译的 类 模板 实例化“Eigen::internal::Assignment<ActualDstTypeCleaned,Src,Func,Eigen::internal::AssignmentKind<Eigen::DenseShape,Eigen::DenseShape>::Kind,void>”的引用
          with
          [
              Src=Eigen::Product<Eigen::CwiseUnaryOp<Eigen::internal::scalar_opposite_op<float>,const Eigen::Inverse<Eigen::Matrix<float,-1,-1,0,-1,-1>>>,Eigen::Matrix<float,-1,-1,0,-1,-1>,1>,
              Func=Eigen::internal::assign_op<float,float>
          ]
D:\drone\AirSim\AirLib\deps\eigen3\Eigen\src\Core\ProductEvaluators.h(397): message : 查看对正在编译的函数 模板 实例化“void Eigen::internal::call_assignment_no_alias<Dst,Eigen::Product<Derived,Eigen::Matrix<float,-1,-1,0,-1,-1>,1>,Eigen::internal::assign_op<float,float>>(Dst &,const Src &,const Func &)”的引用
          with
          [
              Dst=ActualDstTypeCleaned,
              Derived=Eigen::CwiseUnaryOp<Eigen::internal::scalar_opposite_op<float>,const Eigen::Inverse<Eigen::Matrix<float,-1,-1,0,-1,-1>>>,
              Src=Eigen::Product<Eigen::CwiseUnaryOp<Eigen::internal::scalar_opposite_op<float>,const Eigen::Inverse<Eigen::Matrix<float,-1,-1,0,-1,-1>>>,Eigen::Matrix<float,-1,-1,0,-1,-1>,1>,
              Func=Eigen::internal::assign_op<float,float>
          ]
D:\drone\AirSim\AirLib\deps\eigen3\Eigen\src\Core\products\GeneralMatrixMatrix.h(431): message : 查看对正在编译的函数 模板 实例化“void Eigen::internal::generic_product_impl<Lhs,Rhs,Eigen::DenseShape,Eigen::DenseShape,3>::evalTo<Dst>(Dst &,const Lhs &,const Rhs &)”的引用
          with
          [
              Lhs=Eigen::CwiseUnaryOp<Eigen::internal::scalar_opposite_op<float>,const Eigen::Inverse<Eigen::Matrix<float,-1,-1,0,-1,-1>>>,
              Rhs=Eigen::Matrix<float,-1,-1,0,-1,-1>,
              Dst=ActualDstTypeCleaned
          ]
D:\drone\AirSim\AirLib\deps\eigen3\Eigen\src\Core\products\GeneralMatrixMatrix.h(431): message : 查看对正在编译的函数 模板 实例化“void Eigen::internal::generic_product_impl<Lhs,Rhs,Eigen::DenseShape,Eigen::DenseShape,3>::evalTo<Dst>(Dst &,const Lhs &,const Rhs &)”的引用
          with
          [
              Lhs=Eigen::CwiseUnaryOp<Eigen::internal::scalar_opposite_op<float>,const Eigen::Inverse<Eigen::Matrix<float,-1,-1,0,-1,-1>>>,
              Rhs=Eigen::Matrix<float,-1,-1,0,-1,-1>,
              Dst=ActualDstTypeCleaned
          ]
D:\drone\AirSim\AirLib\deps\eigen3\Eigen\src\Core\ProductEvaluators.h(148): message : 查看对正在编译的函数 模板 实例化“void Eigen::internal::generic_product_impl<Lhs,Rhs,Eigen::DenseShape,Eigen::DenseShape,8>::evalTo<DstXprType>(Dst &,const Lhs &,const Rhs &)”的引用
          with
          [
              Lhs=Eigen::CwiseUnaryOp<Eigen::internal::scalar_opposite_op<float>,const Eigen::Inverse<Eigen::Matrix<float,-1,-1,0,-1,-1>>>,
              Rhs=Eigen::Matrix<float,-1,-1,0,-1,-1>,
              DstXprType=ActualDstTypeCleaned,
              Dst=ActualDstTypeCleaned
          ]
D:\drone\AirSim\AirLib\deps\eigen3\Eigen\src\Core\ProductEvaluators.h(148): message : 查看对正在编译的函数 模板 实例化“void Eigen::internal::generic_product_impl<Lhs,Rhs,Eigen::DenseShape,Eigen::DenseShape,8>::evalTo<DstXprType>(Dst &,const Lhs &,const Rhs &)”的引用
          with
          [
              Lhs=Eigen::CwiseUnaryOp<Eigen::internal::scalar_opposite_op<float>,const Eigen::Inverse<Eigen::Matrix<float,-1,-1,0,-1,-1>>>,
              Rhs=Eigen::Matrix<float,-1,-1,0,-1,-1>,
              DstXprType=ActualDstTypeCleaned,
              Dst=ActualDstTypeCleaned
          ]
D:\drone\AirSim\AirLib\deps\eigen3\Eigen\src\Core\ProductEvaluators.h(142): message : 在编译 类 模板 成员函数“void Eigen::internal::Assignment<ActualDstTypeCleaned,Src,Func,Eigen::internal::AssignmentKind<Eigen::DenseShape,Eigen::DenseShape>::Kind,void>::run(DstXprType &,const Eigen::Product<Derived,Eigen::Matrix<float,-1,-1,0,-1,-1>,0> &,const Eigen::internal::assign_op<float,float> &)”时
          with
          [
              Src=Eigen::Product<Eigen::CwiseUnaryOp<Eigen::internal::scalar_opposite_op<float>,const Eigen::Inverse<Eigen::Matrix<float,-1,-1,0,-1,-1>>>,Eigen::Matrix<float,-1,-1,0,-1,-1>,0>,
              Func=Eigen::internal::assign_op<float,float>,
              DstXprType=ActualDstTypeCleaned,
              Derived=Eigen::CwiseUnaryOp<Eigen::internal::scalar_opposite_op<float>,const Eigen::Inverse<Eigen::Matrix<float,-1,-1,0,-1,-1>>>
          ]
D:\drone\AirSim\AirLib\deps\eigen3\Eigen\src\Core\AssignEvaluator.h(836): message : 查看对正在编译的函数 模板 实例化“void Eigen::internal::Assignment<ActualDstTypeCleaned,Src,Func,Eigen::internal::AssignmentKind<Eigen::DenseShape,Eigen::DenseShape>::Kind,void>::run(DstXprType &,const Eigen::Product<Derived,Eigen::Matrix<float,-1,-1,0,-1,-1>,0> &,const Eigen::internal::assign_op<float,float> &)”的引用
          with
          [
              Src=Eigen::Product<Eigen::CwiseUnaryOp<Eigen::internal::scalar_opposite_op<float>,const Eigen::Inverse<Eigen::Matrix<float,-1,-1,0,-1,-1>>>,Eigen::Matrix<float,-1,-1,0,-1,-1>,0>,
              Func=Eigen::internal::assign_op<float,float>,
              DstXprType=ActualDstTypeCleaned,
              Derived=Eigen::CwiseUnaryOp<Eigen::internal::scalar_opposite_op<float>,const Eigen::Inverse<Eigen::Matrix<float,-1,-1,0,-1,-1>>>
          ]
D:\drone\AirSim\AirLib\deps\eigen3\Eigen\src\Core\AssignEvaluator.h(836): message : 查看对正在编译的 类 模板 实例化“Eigen::internal::Assignment<ActualDstTypeCleaned,Src,Func,Eigen::internal::AssignmentKind<Eigen::DenseShape,Eigen::DenseShape>::Kind,void>”的引用
          with
          [
              Src=Eigen::Product<Eigen::CwiseUnaryOp<Eigen::internal::scalar_opposite_op<float>,const Eigen::Inverse<Eigen::Matrix<float,-1,-1,0,-1,-1>>>,Eigen::Matrix<float,-1,-1,0,-1,-1>,0>,
              Func=Eigen::internal::assign_op<float,float>
          ]
D:\drone\AirSim\AirLib\deps\eigen3\Eigen\src\Core\PlainObjectBase.h(732): message : 查看对正在编译的函数 模板 实例化“void Eigen::internal::call_assignment_no_alias<Derived,Eigen::Product<Eigen::CwiseUnaryOp<Eigen::internal::scalar_opposite_op<float>,const Eigen::Inverse<Derived>>,Derived,0>,Eigen::internal::assign_op<float,float>>(Dst &,const Src &,const Func &)”的引用
          with
          [
              Derived=Eigen::Matrix<float,-1,-1,0,-1,-1>,
              Dst=Eigen::Matrix<float,-1,-1,0,-1,-1>,
              Src=Eigen::Product<Eigen::CwiseUnaryOp<Eigen::internal::scalar_opposite_op<float>,const Eigen::Inverse<Eigen::Matrix<float,-1,-1,0,-1,-1>>>,Eigen::Matrix<float,-1,-1,0,-1,-1>,0>,
              Func=Eigen::internal::assign_op<float,float>
          ]
D:\drone\AirSim\AirLib\deps\eigen3\Eigen\src\Core\PlainObjectBase.h(816): message : 查看对正在编译的函数 模板 实例化“Derived &Eigen::PlainObjectBase<Derived>::_set_noalias<Eigen::Product<Eigen::CwiseUnaryOp<Eigen::internal::scalar_opposite_op<float>,const Eigen::Inverse<Derived>>,Derived,0>>(const Eigen::DenseBase<Eigen::Product<Eigen::CwiseUnaryOp<Eigen::internal::scalar_opposite_op<float>,const Eigen::Inverse<Derived>>,Derived,0>> &)”的引用
          with
          [
              Derived=Eigen::Matrix<float,-1,-1,0,-1,-1>
          ]
D:\drone\AirSim\AirLib\deps\eigen3\Eigen\src\Core\PlainObjectBase.h(816): message : 查看对正在编译的函数 模板 实例化“Derived &Eigen::PlainObjectBase<Derived>::_set_noalias<Eigen::Product<Eigen::CwiseUnaryOp<Eigen::internal::scalar_opposite_op<float>,const Eigen::Inverse<Derived>>,Derived,0>>(const Eigen::DenseBase<Eigen::Product<Eigen::CwiseUnaryOp<Eigen::internal::scalar_opposite_op<float>,const Eigen::Inverse<Derived>>,Derived,0>> &)”的引用
          with
          [
              Derived=Eigen::Matrix<float,-1,-1,0,-1,-1>
          ]
D:\drone\AirSim\AirLib\deps\eigen3\Eigen\src\Core\Matrix.h(294): message : 查看对正在编译的函数 模板 实例化“void Eigen::PlainObjectBase<Eigen::Matrix<float,-1,-1,0,-1,-1>>::_init1<T,Derived>(const Eigen::DenseBase<Derived> &)”的引用
          with
          [
              T=Eigen::Product<Eigen::CwiseUnaryOp<Eigen::internal::scalar_opposite_op<float>,const Eigen::Inverse<Eigen::Matrix<float,-1,-1,0,-1,-1>>>,Eigen::Matrix<float,-1,-1,0,-1,-1>,0>,
              Derived=Eigen::Product<Eigen::CwiseUnaryOp<Eigen::internal::scalar_opposite_op<float>,const Eigen::Inverse<Eigen::Matrix<float,-1,-1,0,-1,-1>>>,Eigen::Matrix<float,-1,-1,0,-1,-1>,0>
          ]
D:\drone\AirSim\AirLib\deps\eigen3\Eigen\src\Core\Matrix.h(294): message : 查看对正在编译的函数 模板 实例化“void Eigen::PlainObjectBase<Eigen::Matrix<float,-1,-1,0,-1,-1>>::_init1<T,Derived>(const Eigen::DenseBase<Derived> &)”的引用
          with
          [
              T=Eigen::Product<Eigen::CwiseUnaryOp<Eigen::internal::scalar_opposite_op<float>,const Eigen::Inverse<Eigen::Matrix<float,-1,-1,0,-1,-1>>>,Eigen::Matrix<float,-1,-1,0,-1,-1>,0>,
              Derived=Eigen::Product<Eigen::CwiseUnaryOp<Eigen::internal::scalar_opposite_op<float>,const Eigen::Inverse<Eigen::Matrix<float,-1,-1,0,-1,-1>>>,Eigen::Matrix<float,-1,-1,0,-1,-1>,0>
          ]
D:\drone\AirSim\AirLib\deps\eigen3\Eigen\src\Core\AssignEvaluator.h(796): message : 查看对正在编译的函数 模板 实例化“Eigen::Matrix<float,-1,-1,0,-1,-1>::Matrix<Src>(const T &)”的引用
          with
          [
              Src=Eigen::Product<Eigen::CwiseUnaryOp<Eigen::internal::scalar_opposite_op<float>,const Eigen::Inverse<Eigen::Matrix<float,-1,-1,0,-1,-1>>>,Eigen::Matrix<float,-1,-1,0,-1,-1>,0>,
              T=Eigen::Product<Eigen::CwiseUnaryOp<Eigen::internal::scalar_opposite_op<float>,const Eigen::Inverse<Eigen::Matrix<float,-1,-1,0,-1,-1>>>,Eigen::Matrix<float,-1,-1,0,-1,-1>,0>
          ]
D:\drone\AirSim\AirLib\deps\eigen3\Eigen\src\Core\AssignEvaluator.h(796): message : 查看对正在编译的函数 模板 实例化“Eigen::Matrix<float,-1,-1,0,-1,-1>::Matrix<Src>(const T &)”的引用
          with
          [
              Src=Eigen::Product<Eigen::CwiseUnaryOp<Eigen::internal::scalar_opposite_op<float>,const Eigen::Inverse<Eigen::Matrix<float,-1,-1,0,-1,-1>>>,Eigen::Matrix<float,-1,-1,0,-1,-1>,0>,
              T=Eigen::Product<Eigen::CwiseUnaryOp<Eigen::internal::scalar_opposite_op<float>,const Eigen::Inverse<Eigen::Matrix<float,-1,-1,0,-1,-1>>>,Eigen::Matrix<float,-1,-1,0,-1,-1>,0>
          ]
D:\drone\AirSim\AirLib\deps\eigen3\Eigen\src\Core\AssignEvaluator.h(782): message : 查看对正在编译的函数 模板 实例化“void Eigen::internal::call_assignment<Dst,Src,Eigen::internal::assign_op<float,float>>(Dst &,const Src &,const Func &,void *)”的引用
          with
          [
              Dst=Eigen::Matrix<float,3,1,0,3,1>,
              Src=Eigen::Product<Eigen::CwiseUnaryOp<Eigen::internal::scalar_opposite_op<float>,const Eigen::Inverse<Eigen::Matrix<float,-1,-1,0,-1,-1>>>,Eigen::Matrix<float,-1,-1,0,-1,-1>,0>,
              Func=Eigen::internal::assign_op<float,float>
          ]
D:\drone\AirSim\AirLib\deps\eigen3\Eigen\src\Core\PlainObjectBase.h(714): message : 查看对正在编译的函数 模板 实例化“void Eigen::internal::call_assignment<Derived,Eigen::Product<Eigen::CwiseUnaryOp<Eigen::internal::scalar_opposite_op<float>,const Eigen::Inverse<Eigen::Matrix<float,-1,-1,0,-1,-1>>>,Eigen::Matrix<float,-1,-1,0,-1,-1>,0>>(Dst &,const Src &)”的引用
          with
          [
              Derived=Eigen::Matrix<float,3,1,0,3,1>,
              Dst=Eigen::Matrix<float,3,1,0,3,1>,
              Src=Eigen::Product<Eigen::CwiseUnaryOp<Eigen::internal::scalar_opposite_op<float>,const Eigen::Inverse<Eigen::Matrix<float,-1,-1,0,-1,-1>>>,Eigen::Matrix<float,-1,-1,0,-1,-1>,0>
          ]
D:\drone\AirSim\AirLib\deps\eigen3\Eigen\src\Core\Matrix.h(225): message : 查看对正在编译的函数 模板 实例化“Derived &Eigen::PlainObjectBase<Derived>::_set<Eigen::Product<Eigen::CwiseUnaryOp<Eigen::internal::scalar_opposite_op<float>,const Eigen::Inverse<Eigen::Matrix<float,-1,-1,0,-1,-1>>>,Eigen::Matrix<float,-1,-1,0,-1,-1>,0>>(const Eigen::DenseBase<Eigen::Product<Eigen::CwiseUnaryOp<Eigen::internal::scalar_opposite_op<float>,const Eigen::Inverse<Eigen::Matrix<float,-1,-1,0,-1,-1>>>,Eigen::Matrix<float,-1,-1,0,-1,-1>,0>> &)”的引用
          with
          [
              Derived=Eigen::Matrix<float,3,1,0,3,1>
          ]
D:\drone\AirSim\AirLib\deps\eigen3\Eigen\src\Core\Matrix.h(225): message : 查看对正在编译的函数 模板 实例化“Derived &Eigen::PlainObjectBase<Derived>::_set<Eigen::Product<Eigen::CwiseUnaryOp<Eigen::internal::scalar_opposite_op<float>,const Eigen::Inverse<Eigen::Matrix<float,-1,-1,0,-1,-1>>>,Eigen::Matrix<float,-1,-1,0,-1,-1>,0>>(const Eigen::DenseBase<Eigen::Product<Eigen::CwiseUnaryOp<Eigen::internal::scalar_opposite_op<float>,const Eigen::Inverse<Eigen::Matrix<float,-1,-1,0,-1,-1>>>,Eigen::Matrix<float,-1,-1,0,-1,-1>,0>> &)”的引用
          with
          [
              Derived=Eigen::Matrix<float,3,1,0,3,1>
          ]
D:\drone\AirSim\HelloDrone\SURF_Matcher.cpp(233): message : 查看对正在编译的函数 模板 实例化“Eigen::Matrix<float,3,1,0,3,1> &Eigen::Matrix<float,3,1,0,3,1>::operator =<Derived>(const Eigen::DenseBase<Derived> &)”的引用
          with
          [
              Derived=Eigen::Product<Eigen::CwiseUnaryOp<Eigen::internal::scalar_opposite_op<float>,const Eigen::Inverse<Eigen::Matrix<float,-1,-1,0,-1,-1>>>,Eigen::Matrix<float,-1,-1,0,-1,-1>,0>
          ]
D:\drone\AirSim\HelloDrone\SURF_Matcher.cpp(233): message : 查看对正在编译的函数 模板 实例化“Eigen::Matrix<float,3,1,0,3,1> &Eigen::Matrix<float,3,1,0,3,1>::operator =<Derived>(const Eigen::DenseBase<Derived> &)”的引用
          with
          [
              Derived=Eigen::Product<Eigen::CwiseUnaryOp<Eigen::internal::scalar_opposite_op<float>,const Eigen::Inverse<Eigen::Matrix<float,-1,-1,0,-1,-1>>>,Eigen::Matrix<float,-1,-1,0,-1,-1>,0>
          ]
D:\drone\AirSim\AirLib\deps\eigen3\Eigen\src\Core\AssignEvaluator.h(400,1): warning C4459: “Scalar”的声明隐藏了全局声明
D:\opencv_build\opencv-4.4.0\build\install\include\opencv2\core\types.hpp(669,25): message : 参见“cv::Scalar”的声明
D:\drone\AirSim\AirLib\deps\eigen3\Eigen\src\Core\AssignEvaluator.h(398): message : 在编译 类 模板 成员函数“void Eigen::internal::dense_assignment_loop<Kernel,3,0>::run(Kernel &)”时
          with
          [
              Kernel=Kernel
          ]
D:\drone\AirSim\AirLib\deps\eigen3\Eigen\src\Core\AssignEvaluator.h(741): message : 查看对正在编译的函数 模板 实例化“void Eigen::internal::dense_assignment_loop<Kernel,3,0>::run(Kernel &)”的引用
          with
          [
              Kernel=Kernel
          ]
D:\drone\AirSim\AirLib\deps\eigen3\Eigen\src\Core\AssignEvaluator.h(741): message : 查看对正在编译的 类 模板 实例化“Eigen::internal::dense_assignment_loop<Kernel,3,0>”的引用
D:\drone\AirSim\AirLib\deps\eigen3\Eigen\src\Core\AssignEvaluator.h(879): message : 查看对正在编译的函数 模板 实例化“void Eigen::internal::call_dense_assignment_loop<DstXprType,SrcXprType,Functor>(DstXprType &,const SrcXprType &,const Functor &)”的引用
          with
          [
              DstXprType=ActualDstTypeCleaned,
              SrcXprType=Eigen::CwiseNullaryOp<Eigen::internal::scalar_constant_op<float>,Eigen::Matrix<float,-1,-1,0,-1,-1>>,
              Functor=Eigen::internal::assign_op<float,float>
          ]
D:\drone\AirSim\AirLib\deps\eigen3\Eigen\src\Core\AssignEvaluator.h(874): message : 在编译 类 模板 成员函数“void Eigen::internal::Assignment<ActualDstTypeCleaned,Src,Func,Eigen::internal::AssignmentKind<Eigen::DenseShape,Eigen::DenseShape>::Kind,void>::run(DstXprType &,const SrcXprType &,const Functor &)”时
          with
          [
              Src=Eigen::CwiseNullaryOp<Eigen::internal::scalar_constant_op<float>,Eigen::Matrix<float,-1,-1,0,-1,-1>>,
              Func=Eigen::internal::assign_op<float,float>,
              DstXprType=ActualDstTypeCleaned,
              SrcXprType=Eigen::CwiseNullaryOp<Eigen::internal::scalar_constant_op<float>,Eigen::Matrix<float,-1,-1,0,-1,-1>>,
              Functor=Eigen::internal::assign_op<float,float>
          ]
D:\drone\AirSim\AirLib\deps\eigen3\Eigen\src\Core\AssignEvaluator.h(836): message : 查看对正在编译的函数 模板 实例化“void Eigen::internal::Assignment<ActualDstTypeCleaned,Src,Func,Eigen::internal::AssignmentKind<Eigen::DenseShape,Eigen::DenseShape>::Kind,void>::run(DstXprType &,const SrcXprType &,const Functor &)”的引用
          with
          [
              Src=Eigen::CwiseNullaryOp<Eigen::internal::scalar_constant_op<float>,Eigen::Matrix<float,-1,-1,0,-1,-1>>,
              Func=Eigen::internal::assign_op<float,float>,
              DstXprType=ActualDstTypeCleaned,
              SrcXprType=Eigen::CwiseNullaryOp<Eigen::internal::scalar_constant_op<float>,Eigen::Matrix<float,-1,-1,0,-1,-1>>,
              Functor=Eigen::internal::assign_op<float,float>
          ]
D:\drone\AirSim\AirLib\deps\eigen3\Eigen\src\Core\AssignEvaluator.h(836): message : 查看对正在编译的 类 模板 实例化“Eigen::internal::Assignment<ActualDstTypeCleaned,Src,Func,Eigen::internal::AssignmentKind<Eigen::DenseShape,Eigen::DenseShape>::Kind,void>”的引用
          with
          [
              Src=Eigen::CwiseNullaryOp<Eigen::internal::scalar_constant_op<float>,Eigen::Matrix<float,-1,-1,0,-1,-1>>,
              Func=Eigen::internal::assign_op<float,float>
          ]
D:\drone\AirSim\AirLib\deps\eigen3\Eigen\src\Core\AssignEvaluator.h(804): message : 查看对正在编译的函数 模板 实例化“void Eigen::internal::call_assignment_no_alias<Dst,Src,Func>(Dst &,const Src &,const Func &)”的引用
          with
          [
              Dst=Eigen::Matrix<float,-1,-1,0,-1,-1>,
              Src=Eigen::CwiseNullaryOp<Eigen::internal::scalar_constant_op<float>,Eigen::Matrix<float,-1,-1,0,-1,-1>>,
              Func=Eigen::internal::assign_op<float,float>
          ]
D:\drone\AirSim\AirLib\deps\eigen3\Eigen\src\Core\AssignEvaluator.h(782): message : 查看对正在编译的函数 模板 实例化“void Eigen::internal::call_assignment<Dst,Src,Eigen::internal::assign_op<float,float>>(Dst &,const Src &,const Func &,void *)”的引用
          with
          [
              Dst=Eigen::Matrix<float,-1,-1,0,-1,-1>,
              Src=Eigen::CwiseNullaryOp<Eigen::internal::scalar_constant_op<float>,Eigen::Matrix<float,-1,-1,0,-1,-1>>,
              Func=Eigen::internal::assign_op<float,float>
          ]
D:\drone\AirSim\AirLib\deps\eigen3\Eigen\src\Core\PlainObjectBase.h(714): message : 查看对正在编译的函数 模板 实例化“void Eigen::internal::call_assignment<Derived,Eigen::CwiseNullaryOp<Eigen::internal::scalar_constant_op<float>,Eigen::Matrix<float,-1,-1,0,-1,-1>>>(Dst &,const Src &)”的引用
          with
          [
              Derived=Eigen::Matrix<float,-1,-1,0,-1,-1>,
              Dst=Eigen::Matrix<float,-1,-1,0,-1,-1>,
              Src=Eigen::CwiseNullaryOp<Eigen::internal::scalar_constant_op<float>,Eigen::Matrix<float,-1,-1,0,-1,-1>>
          ]
D:\drone\AirSim\AirLib\deps\eigen3\Eigen\src\Core\Matrix.h(225): message : 查看对正在编译的函数 模板 实例化“Derived &Eigen::PlainObjectBase<Derived>::_set<Eigen::CwiseNullaryOp<Eigen::internal::scalar_constant_op<float>,Eigen::Matrix<float,-1,-1,0,-1,-1>>>(const Eigen::DenseBase<Eigen::CwiseNullaryOp<Eigen::internal::scalar_constant_op<float>,Eigen::Matrix<float,-1,-1,0,-1,-1>>> &)”的引用
          with
          [
              Derived=Eigen::Matrix<float,-1,-1,0,-1,-1>
          ]
D:\drone\AirSim\AirLib\deps\eigen3\Eigen\src\Core\Matrix.h(225): message : 查看对正在编译的函数 模板 实例化“Derived &Eigen::PlainObjectBase<Derived>::_set<Eigen::CwiseNullaryOp<Eigen::internal::scalar_constant_op<float>,Eigen::Matrix<float,-1,-1,0,-1,-1>>>(const Eigen::DenseBase<Eigen::CwiseNullaryOp<Eigen::internal::scalar_constant_op<float>,Eigen::Matrix<float,-1,-1,0,-1,-1>>> &)”的引用
          with
          [
              Derived=Eigen::Matrix<float,-1,-1,0,-1,-1>
          ]
D:\drone\AirSim\AirLib\deps\eigen3\Eigen\src\Core\CwiseNullaryOp.h(327): message : 查看对正在编译的函数 模板 实例化“Eigen::Matrix<float,-1,-1,0,-1,-1> &Eigen::Matrix<float,-1,-1,0,-1,-1>::operator =<Derived>(const Eigen::DenseBase<Derived> &)”的引用
          with
          [
              Derived=Eigen::CwiseNullaryOp<Eigen::internal::scalar_constant_op<float>,Eigen::Matrix<float,-1,-1,0,-1,-1>>
          ]
D:\drone\AirSim\AirLib\deps\eigen3\Eigen\src\Core\CwiseNullaryOp.h(327): message : 查看对正在编译的函数 模板 实例化“Eigen::Matrix<float,-1,-1,0,-1,-1> &Eigen::Matrix<float,-1,-1,0,-1,-1>::operator =<Derived>(const Eigen::DenseBase<Derived> &)”的引用
          with
          [
              Derived=Eigen::CwiseNullaryOp<Eigen::internal::scalar_constant_op<float>,Eigen::Matrix<float,-1,-1,0,-1,-1>>
          ]
D:\drone\AirSim\AirLib\deps\eigen3\Eigen\src\Core\CwiseNullaryOp.h(326): message : 在编译 类 模板 成员函数“Derived &Eigen::DenseBase<Derived>::setConstant(const float &)”时
          with
          [
              Derived=Eigen::Matrix<float,-1,-1,0,-1,-1>
          ]
D:\drone\AirSim\AirLib\deps\eigen3\Eigen\src\Core\CwiseNullaryOp.h(501): message : 查看对正在编译的函数 模板 实例化“Derived &Eigen::DenseBase<Derived>::setConstant(const float &)”的引用
          with
          [
              Derived=Eigen::Matrix<float,-1,-1,0,-1,-1>
          ]
D:\drone\AirSim\AirLib\deps\eigen3\Eigen\src\Core\CwiseNullaryOp.h(500): message : 在编译 类 模板 成员函数“Derived &Eigen::DenseBase<Derived>::setZero(void)”时
          with
          [
              Derived=Eigen::Matrix<float,-1,-1,0,-1,-1>
          ]
D:\drone\AirSim\AirLib\deps\eigen3\Eigen\src\Core\products\GeneralMatrixMatrix.h(434): message : 查看对正在编译的函数 模板 实例化“Derived &Eigen::DenseBase<Derived>::setZero(void)”的引用
          with
          [
              Derived=Eigen::Matrix<float,-1,-1,0,-1,-1>
          ]
D:\drone\AirSim\AirLib\deps\eigen3\Eigen\src\Core\DenseCoeffsBase.h(648,1): warning C4459: “Scalar”的声明隐藏了全局声明
D:\opencv_build\opencv-4.4.0\build\install\include\opencv2\core\types.hpp(669,25): message : 参见“cv::Scalar”的声明
D:\drone\AirSim\AirLib\deps\eigen3\Eigen\src\Core\Redux.h(225): message : 查看对正在编译的函数 模板 实例化“Eigen::Index Eigen::internal::first_default_aligned<Derived>(const Eigen::DenseBase<Derived> &)”的引用
          with
          [
              Derived=Eigen::Block<const Eigen::CwiseUnaryOp<Eigen::internal::scalar_abs_op<float>,const Eigen::Matrix<float,-1,-1,0,-1,-1>>,-1,1,true>
          ]
D:\drone\AirSim\AirLib\deps\eigen3\Eigen\src\Core\Redux.h(216): message : 在编译 类 模板 成员函数“float Eigen::internal::redux_impl<Func,ThisEvaluator,3,0>::run(const Derived &,const Func &)”时
          with
          [
              Func=Eigen::internal::scalar_sum_op<float,float>,
              Derived=ThisEvaluator
          ]
D:\drone\AirSim\AirLib\deps\eigen3\Eigen\src\Core\Redux.h(418): message : 查看对正在编译的函数 模板 实例化“float Eigen::internal::redux_impl<Func,ThisEvaluator,3,0>::run(const Derived &,const Func &)”的引用
          with
          [
              Func=Eigen::internal::scalar_sum_op<float,float>,
              Derived=ThisEvaluator
          ]
D:\drone\AirSim\AirLib\deps\eigen3\Eigen\src\Core\Redux.h(418): message : 查看对正在编译的 类 模板 实例化“Eigen::internal::redux_impl<Func,ThisEvaluator,3,0>”的引用
          with
          [
              Func=Eigen::internal::scalar_sum_op<float,float>
          ]
D:\drone\AirSim\AirLib\deps\eigen3\Eigen\src\Core\Redux.h(453): message : 查看对正在编译的函数 模板 实例化“float Eigen::DenseBase<Derived>::redux<Eigen::internal::scalar_sum_op<float,float>>(const Func &) const”的引用
          with
          [
              Derived=Eigen::Block<const Eigen::CwiseUnaryOp<Eigen::internal::scalar_abs_op<float>,const Eigen::Matrix<float,-1,-1,0,-1,-1>>,-1,1,true>,
              Func=Eigen::internal::scalar_sum_op<float,float>
          ]
D:\drone\AirSim\AirLib\deps\eigen3\Eigen\src\Core\Redux.h(453): message : 查看对正在编译的函数 模板 实例化“float Eigen::DenseBase<Derived>::redux<Eigen::internal::scalar_sum_op<float,float>>(const Func &) const”的引用
          with
          [
              Derived=Eigen::Block<const Eigen::CwiseUnaryOp<Eigen::internal::scalar_abs_op<float>,const Eigen::Matrix<float,-1,-1,0,-1,-1>>,-1,1,true>,
              Func=Eigen::internal::scalar_sum_op<float,float>
          ]
D:\drone\AirSim\AirLib\deps\eigen3\Eigen\src\Core\Redux.h(450): message : 在编译 类 模板 成员函数“float Eigen::DenseBase<Derived>::sum(void) const”时
          with
          [
              Derived=Eigen::Block<const Eigen::CwiseUnaryOp<Eigen::internal::scalar_abs_op<float>,const Eigen::Matrix<float,-1,-1,0,-1,-1>>,-1,1,true>
          ]
D:\drone\AirSim\AirLib\deps\eigen3\Eigen\src\Core\VectorwiseOp.h(104): message : 查看对正在编译的函数 模板 实例化“float Eigen::DenseBase<Derived>::sum(void) const”的引用
          with
          [
              Derived=Eigen::Block<const Eigen::CwiseUnaryOp<Eigen::internal::scalar_abs_op<float>,const Eigen::Matrix<float,-1,-1,0,-1,-1>>,-1,1,true>
          ]
D:\drone\AirSim\AirLib\deps\eigen3\Eigen\src\Core\CoreEvaluators.h(1307): message : 查看对正在编译的函数 模板 实例化“ResultType Eigen::internal::member_sum<ResultType>::operator ()<Eigen::Block<const Derived,-1,1,true>>(const XprType &) const”的引用
          with
          [
              ResultType=float,
              Derived=Eigen::CwiseUnaryOp<Eigen::internal::scalar_abs_op<float>,const Eigen::Matrix<float,-1,-1,0,-1,-1>>,
              XprType=Eigen::Block<const Eigen::CwiseUnaryOp<Eigen::internal::scalar_abs_op<float>,const Eigen::Matrix<float,-1,-1,0,-1,-1>>,-1,1,true>
          ]
D:\drone\AirSim\AirLib\deps\eigen3\Eigen\src\Core\CoreEvaluators.h(1307): message : 查看对正在编译的函数 模板 实例化“ResultType Eigen::internal::member_sum<ResultType>::operator ()<Eigen::Block<const Derived,-1,1,true>>(const XprType &) const”的引用
          with
          [
              ResultType=float,
              Derived=Eigen::CwiseUnaryOp<Eigen::internal::scalar_abs_op<float>,const Eigen::Matrix<float,-1,-1,0,-1,-1>>,
              XprType=Eigen::Block<const Eigen::CwiseUnaryOp<Eigen::internal::scalar_abs_op<float>,const Eigen::Matrix<float,-1,-1,0,-1,-1>>,-1,1,true>
          ]
D:\drone\AirSim\AirLib\deps\eigen3\Eigen\src\Core\CoreEvaluators.h(1305): message : 在编译 类 模板 成员函数“const float Eigen::internal::evaluator<Eigen::PartialReduxExpr<ExpressionType,Eigen::internal::member_sum<Scalar_>,0>>::coeff(Eigen::Index,Eigen::Index) const”时
          with
          [
              ExpressionType=Eigen::CwiseUnaryOp<Eigen::internal::scalar_abs_op<float>,const Eigen::Matrix<float,-1,-1,0,-1,-1>>,
              Scalar_=float
          ]
D:\drone\AirSim\AirLib\deps\eigen3\Eigen\src\Core\Redux.h(381): message : 查看对正在编译的函数 模板 实例化“const float Eigen::internal::evaluator<Eigen::PartialReduxExpr<ExpressionType,Eigen::internal::member_sum<Scalar_>,0>>::coeff(Eigen::Index,Eigen::Index) const”的引用
          with
          [
              ExpressionType=Eigen::CwiseUnaryOp<Eigen::internal::scalar_abs_op<float>,const Eigen::Matrix<float,-1,-1,0,-1,-1>>,
              Scalar_=float
          ]
D:\drone\AirSim\AirLib\deps\eigen3\Eigen\src\Core\Redux.h(349): message : 查看对正在编译的 类 模板 实例化“Eigen::internal::evaluator<Eigen::PartialReduxExpr<ExpressionType,Eigen::internal::member_sum<Scalar_>,0>>”的引用
          with
          [
              ExpressionType=Eigen::CwiseUnaryOp<Eigen::internal::scalar_abs_op<float>,const Eigen::Matrix<float,-1,-1,0,-1,-1>>,
              Scalar_=float
          ]
D:\drone\AirSim\AirLib\deps\eigen3\Eigen\src\Core\Redux.h(416): message : 查看对正在编译的 类 模板 实例化“Eigen::internal::redux_evaluator<Derived>”的引用
          with
          [
              Derived=Eigen::PartialReduxExpr<const Eigen::CwiseUnaryOp<Eigen::internal::scalar_abs_op<float>,const Eigen::Matrix<float,-1,-1,0,-1,-1>>,Eigen::internal::member_sum<float>,0>
          ]
D:\drone\AirSim\AirLib\deps\eigen3\Eigen\src\Core\Redux.h(438): message : 查看对正在编译的函数 模板 实例化“float Eigen::DenseBase<Derived>::redux<Eigen::internal::scalar_max_op<float,float>>(const Func &) const”的引用
          with
          [
              Derived=Eigen::PartialReduxExpr<const Eigen::CwiseUnaryOp<Eigen::internal::scalar_abs_op<float>,const Eigen::Matrix<float,-1,-1,0,-1,-1>>,Eigen::internal::member_sum<float>,0>,
              Func=Eigen::internal::scalar_max_op<float,float>
          ]
D:\drone\AirSim\AirLib\deps\eigen3\Eigen\src\Core\Redux.h(438): message : 查看对正在编译的函数 模板 实例化“float Eigen::DenseBase<Derived>::redux<Eigen::internal::scalar_max_op<float,float>>(const Func &) const”的引用
          with
          [
              Derived=Eigen::PartialReduxExpr<const Eigen::CwiseUnaryOp<Eigen::internal::scalar_abs_op<float>,const Eigen::Matrix<float,-1,-1,0,-1,-1>>,Eigen::internal::member_sum<float>,0>,
              Func=Eigen::internal::scalar_max_op<float,float>
          ]
D:\drone\AirSim\AirLib\deps\eigen3\Eigen\src\Core\Redux.h(437): message : 在编译 类 模板 成员函数“float Eigen::DenseBase<Derived>::maxCoeff(void) const”时
          with
          [
              Derived=Eigen::PartialReduxExpr<const Eigen::CwiseUnaryOp<Eigen::internal::scalar_abs_op<float>,const Eigen::Matrix<float,-1,-1,0,-1,-1>>,Eigen::internal::member_sum<float>,0>
          ]
D:\drone\AirSim\AirLib\deps\eigen3\Eigen\src\LU\PartialPivLU.h(522): message : 查看对正在编译的函数 模板 实例化“float Eigen::DenseBase<Derived>::maxCoeff(void) const”的引用
          with
          [
              Derived=Eigen::PartialReduxExpr<const Eigen::CwiseUnaryOp<Eigen::internal::scalar_abs_op<float>,const Eigen::Matrix<float,-1,-1,0,-1,-1>>,Eigen::internal::member_sum<float>,0>
          ]
D:\drone\AirSim\AirLib\deps\eigen3\Eigen\src\Core\MatrixBase.h(50): message : 查看对正在编译的 类 模板 实例化“Eigen::DenseBase<Derived>”的引用
          with
          [
              Derived=Eigen::PartialReduxExpr<const Eigen::CwiseUnaryOp<Eigen::internal::scalar_abs_op<float>,const Eigen::Matrix<float,-1,-1,0,-1,-1>>,Eigen::internal::member_sum<float>,0>
          ]
D:\drone\AirSim\AirLib\deps\eigen3\Eigen\src\Core\VectorwiseOp.h(56): message : 查看对正在编译的 类 模板 实例化“Eigen::MatrixBase<Derived>”的引用
          with
          [
              Derived=Eigen::PartialReduxExpr<const Eigen::CwiseUnaryOp<Eigen::internal::scalar_abs_op<float>,const Eigen::Matrix<float,-1,-1,0,-1,-1>>,Eigen::internal::member_sum<float>,0>
          ]
D:\drone\AirSim\AirLib\deps\eigen3\Eigen\src\LU\PartialPivLU.h(522): message : 查看对正在编译的 类 模板 实例化“Eigen::PartialReduxExpr<ExpressionType,Eigen::internal::member_sum<Scalar_>,0>”的引用
          with
          [
              ExpressionType=Eigen::CwiseUnaryOp<Eigen::internal::scalar_abs_op<float>,const Eigen::Matrix<float,-1,-1,0,-1,-1>>,
              Scalar_=float
          ]
  main.cpp
D:\opencv_build\opencv-4.4.0\build\install\include\opencv2\stitching\detail\warpers.hpp(268,1): warning C4266: “cv::Rect cv::detail::PlaneWarper::buildMaps(cv::Size,cv::InputArray,cv::InputArray,cv::InputArray,cv::OutputArray,cv::OutputArray)”: 不重写基“cv::detail::PlaneWarper”中的虚拟成员函数；函数被隐藏
D:\opencv_build\opencv-4.4.0\build\install\include\opencv2\stitching\detail\warpers.hpp(192): message : 参见“cv::detail::PlaneWarper::buildMaps”的声明
D:\opencv_build\opencv-4.4.0\build\install\include\opencv2\stitching\detail\warpers.hpp(180): message : 参见“cv::detail::PlaneWarper”的声明
D:\opencv_build\opencv-4.4.0\build\install\include\opencv2\stitching\detail\warpers.hpp(268,1): warning C4266: “cv::Point cv::detail::PlaneWarper::warp(cv::InputArray,cv::InputArray,cv::InputArray,cv::InputArray,int,int,cv::OutputArray)”: 不重写基“cv::detail::PlaneWarper”中的虚拟成员函数；函数被隐藏
D:\opencv_build\opencv-4.4.0\build\install\include\opencv2\stitching\detail\warpers.hpp(197): message : 参见“cv::detail::PlaneWarper::warp”的声明
D:\opencv_build\opencv-4.4.0\build\install\include\opencv2\stitching\detail\warpers.hpp(180): message : 参见“cv::detail::PlaneWarper”的声明
D:\opencv_build\opencv-4.4.0\build\install\include\opencv2\stitching\detail\exposure_compensate.hpp(176,10): warning C4263: “void cv::detail::BlocksCompensator::feed(const std::vector<cv::Point,std::allocator<cv::Point>> &,const std::vector<cv::UMat,std::allocator<cv::UMat>> &,const std::vector<std::pair<cv::UMat,uchar>,std::allocator<std::pair<cv::UMat,uchar>>> &)”: 成员函数不重写任何基类虚拟成员函数
D:\opencv_build\opencv-4.4.0\build\install\include\opencv2\stitching\detail\blenders.hpp(121,1): warning C4266: “void cv::detail::Blender::prepare(const std::vector<cv::Point,std::allocator<cv::Point>> &,const std::vector<cv::Size,std::allocator<cv::Size>> &)”: 不重写基“cv::detail::Blender”中的虚拟成员函数；函数被隐藏
D:\opencv_build\opencv-4.4.0\build\install\include\opencv2\stitching\detail\blenders.hpp(76): message : 参见“cv::detail::Blender::prepare”的声明
D:\opencv_build\opencv-4.4.0\build\install\include\opencv2\stitching\detail\blenders.hpp(63): message : 参见“cv::detail::Blender”的声明
D:\opencv_build\opencv-4.4.0\build\install\include\opencv2\stitching\detail\blenders.hpp(162,1): warning C4266: “void cv::detail::Blender::prepare(const std::vector<cv::Point,std::allocator<cv::Point>> &,const std::vector<cv::Size,std::allocator<cv::Size>> &)”: 不重写基“cv::detail::Blender”中的虚拟成员函数；函数被隐藏
D:\opencv_build\opencv-4.4.0\build\install\include\opencv2\stitching\detail\blenders.hpp(76): message : 参见“cv::detail::Blender::prepare”的声明
D:\opencv_build\opencv-4.4.0\build\install\include\opencv2\stitching\detail\blenders.hpp(63): message : 参见“cv::detail::Blender”的声明
D:\drone\AirSim\HelloDrone\main.cpp(194,10): warning C4189: “time”: 局部变量已初始化但不引用
  正在生成代码...
  HelloDrone.vcxproj -> D:\drone\AirSim\HelloDrone\build\x64\Debug\HelloDrone.exe
